# JRE version: OpenJDK Runtime Environment (15.0.2+7) (build 15.0.2+7-27)
# Java VM: OpenJDK 64-Bit Server VM (15.0.2+7-27, mixed mode, tiered, compressed oops, g1 gc, windows-amd64)
GC Precious Log:
 CPUs: 4 total, 4 available
 Memory: 4016M
 Large Page Support: Disabled
 NUMA Support: Disabled
 Compressed Oops: Enabled (32-bit)
 Heap Region Size: 1M
 Heap Min Capacity: 8M
 Heap Initial Capacity: 64M
 Heap Max Capacity: 1006M
 Pre-touch: Disabled
 Parallel Workers: 4
 Concurrent Workers: 1
 Concurrent Refinement Workers: 4
 Periodic GC: Disabled
Heap:
 garbage-first heap   total 61440K, used 17886K [0x00000000c1200000, 0x0000000100000000)
  region size 1024K, 4 young (4096K), 4 survivors (4096K)
 Metaspace       used 47686K, capacity 48062K, committed 48128K, reserved 1097728K
  class space    used 5751K, capacity 5880K, committed 5888K, reserved 1048576K
GC Heap History (20 events):
Event: 2.638 GC heap before
{Heap before GC invocations=2 (full 0):
 garbage-first heap   total 65536K, used 28557K [0x00000000c1200000, 0x0000000100000000)
  region size 1024K, 22 young (22528K), 1 survivors (1024K)
 Metaspace       used 20221K, capacity 20462K, committed 20608K, reserved 1067008K
  class space    used 2072K, capacity 2147K, committed 2176K, reserved 1048576K
}
Event: 2.643 GC heap after
{Heap after GC invocations=3 (full 0):
 garbage-first heap   total 65536K, used 8383K [0x00000000c1200000, 0x0000000100000000)
  region size 1024K, 3 young (3072K), 3 survivors (3072K)
 Metaspace       used 20221K, capacity 20462K, committed 20608K, reserved 1067008K
  class space    used 2072K, capacity 2147K, committed 2176K, reserved 1048576K
}
Event: 2.679 GC heap before
{Heap before GC invocations=3 (full 0):
 garbage-first heap   total 65536K, used 10431K [0x00000000c1200000, 0x0000000100000000)
  region size 1024K, 6 young (6144K), 3 survivors (3072K)
 Metaspace       used 20881K, capacity 21134K, committed 21248K, reserved 1069056K
  class space    used 2168K, capacity 2243K, committed 2304K, reserved 1048576K
}
Event: 2.684 GC heap after
{Heap after GC invocations=4 (full 0):
 garbage-first heap   total 65536K, used 8553K [0x00000000c1200000, 0x0000000100000000)
  region size 1024K, 3 young (3072K), 3 survivors (3072K)
 Metaspace       used 20881K, capacity 21134K, committed 21248K, reserved 1069056K
  class space    used 2168K, capacity 2243K, committed 2304K, reserved 1048576K
}
Event: 4.046 GC heap before
{Heap before GC invocations=5 (full 0):
 garbage-first heap   total 37888K, used 36201K [0x00000000c1200000, 0x0000000100000000)
  region size 1024K, 31 young (31744K), 3 survivors (3072K)
 Metaspace       used 24219K, capacity 24443K, committed 24576K, reserved 1071104K
  class space    used 2620K, capacity 2703K, committed 2816K, reserved 1048576K
}
Event: 4.053 GC heap after
{Heap after GC invocations=6 (full 0):
 garbage-first heap   total 41984K, used 9641K [0x00000000c1200000, 0x0000000100000000)
  region size 1024K, 4 young (4096K), 4 survivors (4096K)
 Metaspace       used 24219K, capacity 24443K, committed 24576K, reserved 1071104K
  class space    used 2620K, capacity 2703K, committed 2816K, reserved 1048576K
}
Event: 4.060 GC heap before
{Heap before GC invocations=6 (full 0):
 garbage-first heap   total 41984K, used 27049K [0x00000000c1200000, 0x0000000100000000)
  region size 1024K, 22 young (22528K), 4 survivors (4096K)
 Metaspace       used 24219K, capacity 24443K, committed 24576K, reserved 1071104K
  class space    used 2620K, capacity 2703K, committed 2816K, reserved 1048576K
}
Event: 4.069 GC heap after
{Heap after GC invocations=7 (full 0):
 garbage-first heap   total 41984K, used 9842K [0x00000000c1200000, 0x0000000100000000)
  region size 1024K, 2 young (2048K), 2 survivors (2048K)
 Metaspace       used 24219K, capacity 24443K, committed 24576K, reserved 1071104K
  class space    used 2620K, capacity 2703K, committed 2816K, reserved 1048576K
}
Event: 4.908 GC heap before
{Heap before GC invocations=7 (full 0):
 garbage-first heap   total 41984K, used 28274K [0x00000000c1200000, 0x0000000100000000)
  region size 1024K, 21 young (21504K), 2 survivors (2048K)
 Metaspace       used 25830K, capacity 26147K, committed 26240K, reserved 1073152K
  class space    used 2784K, capacity 2883K, committed 2944K, reserved 1048576K
}
Event: 4.914 GC heap after
{Heap after GC invocations=8 (full 0):
 garbage-first heap   total 41984K, used 10603K [0x00000000c1200000, 0x0000000100000000)
  region size 1024K, 3 young (3072K), 3 survivors (3072K)
 Metaspace       used 25830K, capacity 26147K, committed 26240K, reserved 1073152K
  class space    used 2784K, capacity 2883K, committed 2944K, reserved 1048576K
}
Event: 6.014 GC heap before
{Heap before GC invocations=8 (full 0):
 garbage-first heap   total 41984K, used 30059K [0x00000000c1200000, 0x0000000100000000)
  region size 1024K, 22 young (22528K), 3 survivors (3072K)
 Metaspace       used 28417K, capacity 28713K, committed 28928K, reserved 1075200K
  class space    used 3127K, capacity 3221K, committed 3328K, reserved 1048576K
}
Event: 6.027 GC heap after
{Heap after GC invocations=9 (full 0):
 garbage-first heap   total 51200K, used 11436K [0x00000000c1200000, 0x0000000100000000)
  region size 1024K, 3 young (3072K), 3 survivors (3072K)
 Metaspace       used 28417K, capacity 28713K, committed 28928K, reserved 1075200K
  class space    used 3127K, capacity 3221K, committed 3328K, reserved 1048576K
}
Event: 8.498 GC heap before
{Heap before GC invocations=9 (full 0):
 garbage-first heap   total 51200K, used 39084K [0x00000000c1200000, 0x0000000100000000)
  region size 1024K, 30 young (30720K), 3 survivors (3072K)
 Metaspace       used 34349K, capacity 34704K, committed 34816K, reserved 1079296K
  class space    used 3888K, capacity 4014K, committed 4096K, reserved 1048576K
}
Event: 8.518 GC heap after
{Heap after GC invocations=10 (full 0):
 garbage-first heap   total 51200K, used 14195K [0x00000000c1200000, 0x0000000100000000)
  region size 1024K, 4 young (4096K), 4 survivors (4096K)
 Metaspace       used 34349K, capacity 34704K, committed 34816K, reserved 1079296K
  class space    used 3888K, capacity 4014K, committed 4096K, reserved 1048576K
}
Event: 8.858 GC heap before
{Heap before GC invocations=10 (full 0):
 garbage-first heap   total 51200K, used 38771K [0x00000000c1200000, 0x0000000100000000)
  region size 1024K, 29 young (29696K), 4 survivors (4096K)
 Metaspace       used 34749K, capacity 35088K, committed 35328K, reserved 1081344K
  class space    used 3921K, capacity 4014K, committed 4096K, reserved 1048576K
}
Event: 8.878 GC heap after
{Heap after GC invocations=11 (full 0):
 garbage-first heap   total 51200K, used 14933K [0x00000000c1200000, 0x0000000100000000)
  region size 1024K, 1 young (1024K), 1 survivors (1024K)
 Metaspace       used 34749K, capacity 35088K, committed 35328K, reserved 1081344K
  class space    used 3921K, capacity 4014K, committed 4096K, reserved 1048576K
}
Event: 9.334 GC heap before
{Heap before GC invocations=11 (full 0):
 garbage-first heap   total 51200K, used 33365K [0x00000000c1200000, 0x0000000100000000)
  region size 1024K, 21 young (21504K), 1 survivors (1024K)
 Metaspace       used 35195K, capacity 35603K, committed 35840K, reserved 1081344K
  class space    used 3968K, capacity 4079K, committed 4096K, reserved 1048576K
}
Event: 9.338 GC heap after
{Heap after GC invocations=12 (full 0):
 garbage-first heap   total 51200K, used 14556K [0x00000000c1200000, 0x0000000100000000)
  region size 1024K, 1 young (1024K), 1 survivors (1024K)
 Metaspace       used 35195K, capacity 35603K, committed 35840K, reserved 1081344K
  class space    used 3968K, capacity 4079K, committed 4096K, reserved 1048576K
}
Event: 11.671 GC heap before
{Heap before GC invocations=13 (full 0):
 garbage-first heap   total 51200K, used 40156K [0x00000000c1200000, 0x0000000100000000)
  region size 1024K, 27 young (27648K), 1 survivors (1024K)
 Metaspace       used 41456K, capacity 41845K, committed 41984K, reserved 1087488K
  class space    used 4711K, capacity 4854K, committed 4864K, reserved 1048576K
}
Event: 11.685 GC heap after
{Heap after GC invocations=14 (full 0):
 garbage-first heap   total 51200K, used 16475K [0x00000000c1200000, 0x0000000100000000)
  region size 1024K, 3 young (3072K), 3 survivors (3072K)
 Metaspace       used 41456K, capacity 41845K, committed 41984K, reserved 1087488K
  class space    used 4711K, capacity 4854K, committed 4864K, reserved 1048576K
}

