# JRE version: OpenJDK Runtime Environment (15.0.2+7) (build 15.0.2+7-27)
# Java VM: OpenJDK 64-Bit Server VM (15.0.2+7-27, mixed mode, tiered, compressed oops, g1 gc, windows-amd64)
GC Precious Log:
 CPUs: 4 total, 4 available
 Memory: 4016M
 Large Page Support: Disabled
 NUMA Support: Disabled
 Compressed Oops: Enabled (32-bit)
 Heap Region Size: 1M
 Heap Min Capacity: 8M
 Heap Initial Capacity: 64M
 Heap Max Capacity: 1006M
 Pre-touch: Disabled
 Parallel Workers: 4
 Concurrent Workers: 1
 Concurrent Refinement Workers: 4
 Periodic GC: Disabled
Heap:
 garbage-first heap   total 45056K, used 23359K [0x00000000c1200000, 0x0000000100000000)
  region size 1024K, 1 young (1024K), 1 survivors (1024K)
 Metaspace       used 59553K, capacity 59990K, committed 60032K, reserved 1114112K
  class space    used 7377K, capacity 7546K, committed 7552K, reserved 1048576K
GC Heap History (20 events):
Event: 15.369 GC heap before
{Heap before GC invocations=9 (full 0):
 garbage-first heap   total 45056K, used 31639K [0x00000000c1200000, 0x0000000100000000)
  region size 1024K, 23 young (23552K), 3 survivors (3072K)
 Metaspace       used 34715K, capacity 35023K, committed 35328K, reserved 1081344K
  class space    used 3919K, capacity 4014K, committed 4096K, reserved 1048576K
}
Event: 15.379 GC heap after
{Heap after GC invocations=10 (full 0):
 garbage-first heap   total 45056K, used 14383K [0x00000000c1200000, 0x0000000100000000)
  region size 1024K, 3 young (3072K), 3 survivors (3072K)
 Metaspace       used 34715K, capacity 35023K, committed 35328K, reserved 1081344K
  class space    used 3919K, capacity 4014K, committed 4096K, reserved 1048576K
}
Event: 15.384 GC heap before
{Heap before GC invocations=10 (full 0):
 garbage-first heap   total 45056K, used 31791K [0x00000000c1200000, 0x0000000100000000)
  region size 1024K, 21 young (21504K), 3 survivors (3072K)
 Metaspace       used 34715K, capacity 35023K, committed 35328K, reserved 1081344K
  class space    used 3919K, capacity 4014K, committed 4096K, reserved 1048576K
}
Event: 15.388 GC heap after
{Heap after GC invocations=11 (full 0):
 garbage-first heap   total 45056K, used 14420K [0x00000000c1200000, 0x0000000100000000)
  region size 1024K, 1 young (1024K), 1 survivors (1024K)
 Metaspace       used 34715K, capacity 35023K, committed 35328K, reserved 1081344K
  class space    used 3919K, capacity 4014K, committed 4096K, reserved 1048576K
}
Event: 15.574 GC heap before
{Heap before GC invocations=11 (full 0):
 garbage-first heap   total 45056K, used 32852K [0x00000000c1200000, 0x0000000100000000)
  region size 1024K, 20 young (20480K), 1 survivors (1024K)
 Metaspace       used 34729K, capacity 35087K, committed 35328K, reserved 1081344K
  class space    used 3919K, capacity 4014K, committed 4096K, reserved 1048576K
}
Event: 15.575 GC heap after
{Heap after GC invocations=12 (full 0):
 garbage-first heap   total 45056K, used 14550K [0x00000000c1200000, 0x0000000100000000)
  region size 1024K, 1 young (1024K), 1 survivors (1024K)
 Metaspace       used 34729K, capacity 35087K, committed 35328K, reserved 1081344K
  class space    used 3919K, capacity 4014K, committed 4096K, reserved 1048576K
}
Event: 15.857 GC heap before
{Heap before GC invocations=12 (full 0):
 garbage-first heap   total 45056K, used 19670K [0x00000000c1200000, 0x0000000100000000)
  region size 1024K, 7 young (7168K), 1 survivors (1024K)
 Metaspace       used 35390K, capacity 35698K, committed 35840K, reserved 1081344K
  class space    used 3999K, capacity 4111K, committed 4224K, reserved 1048576K
}
Event: 15.860 GC heap after
{Heap after GC invocations=13 (full 0):
 garbage-first heap   total 45056K, used 14736K [0x00000000c1200000, 0x0000000100000000)
  region size 1024K, 1 young (1024K), 1 survivors (1024K)
 Metaspace       used 35390K, capacity 35698K, committed 35840K, reserved 1081344K
  class space    used 3999K, capacity 4111K, committed 4224K, reserved 1048576K
}
Event: 18.109 GC heap before
{Heap before GC invocations=14 (full 0):
 garbage-first heap   total 45056K, used 34192K [0x00000000c1200000, 0x0000000100000000)
  region size 1024K, 21 young (21504K), 1 survivors (1024K)
 Metaspace       used 40461K, capacity 40863K, committed 41088K, reserved 1085440K
  class space    used 4583K, capacity 4722K, committed 4736K, reserved 1048576K
}
Event: 18.114 GC heap after
{Heap after GC invocations=15 (full 0):
 garbage-first heap   total 45056K, used 16346K [0x00000000c1200000, 0x0000000100000000)
  region size 1024K, 2 young (2048K), 2 survivors (2048K)
 Metaspace       used 40461K, capacity 40863K, committed 41088K, reserved 1085440K
  class space    used 4583K, capacity 4722K, committed 4736K, reserved 1048576K
}
Event: 19.793 GC heap before
{Heap before GC invocations=15 (full 0):
 garbage-first heap   total 45056K, used 34778K [0x00000000c1200000, 0x0000000100000000)
  region size 1024K, 20 young (20480K), 2 survivors (2048K)
 Metaspace       used 45018K, capacity 45434K, committed 45696K, reserved 1089536K
  class space    used 5367K, capacity 5495K, committed 5504K, reserved 1048576K
}
Event: 19.799 GC heap after
{Heap after GC invocations=16 (full 0):
 garbage-first heap   total 45056K, used 17523K [0x00000000c1200000, 0x0000000100000000)
  region size 1024K, 2 young (2048K), 2 survivors (2048K)
 Metaspace       used 45018K, capacity 45434K, committed 45696K, reserved 1089536K
  class space    used 5367K, capacity 5495K, committed 5504K, reserved 1048576K
}
Event: 21.672 GC heap before
{Heap before GC invocations=16 (full 0):
 garbage-first heap   total 45056K, used 34931K [0x00000000c1200000, 0x0000000100000000)
  region size 1024K, 19 young (19456K), 2 survivors (2048K)
 Metaspace       used 50131K, capacity 50525K, committed 50816K, reserved 1093632K
  class space    used 6041K, capacity 6168K, committed 6272K, reserved 1048576K
}
Event: 21.676 GC heap after
{Heap after GC invocations=17 (full 0):
 garbage-first heap   total 45056K, used 18487K [0x00000000c1200000, 0x0000000100000000)
  region size 1024K, 3 young (3072K), 3 survivors (3072K)
 Metaspace       used 50131K, capacity 50525K, committed 50816K, reserved 1093632K
  class space    used 6041K, capacity 6168K, committed 6272K, reserved 1048576K
}
Event: 22.429 GC heap before
{Heap before GC invocations=17 (full 0):
 garbage-first heap   total 45056K, used 34871K [0x00000000c1200000, 0x0000000100000000)
  region size 1024K, 19 young (19456K), 3 survivors (3072K)
 Metaspace       used 53759K, capacity 54145K, committed 54400K, reserved 1097728K
  class space    used 6626K, capacity 6754K, committed 6784K, reserved 1048576K
}
Event: 22.437 GC heap after
{Heap after GC invocations=18 (full 0):
 garbage-first heap   total 45056K, used 19730K [0x00000000c1200000, 0x0000000100000000)
  region size 1024K, 3 young (3072K), 3 survivors (3072K)
 Metaspace       used 53759K, capacity 54145K, committed 54400K, reserved 1097728K
  class space    used 6626K, capacity 6754K, committed 6784K, reserved 1048576K
}
Event: 22.967 GC heap before
{Heap before GC invocations=18 (full 0):
 garbage-first heap   total 45056K, used 35090K [0x00000000c1200000, 0x0000000100000000)
  region size 1024K, 18 young (18432K), 3 survivors (3072K)
 Metaspace       used 56089K, capacity 56465K, committed 56576K, reserved 1099776K
  class space    used 6938K, capacity 7078K, committed 7168K, reserved 1048576K
}
Event: 22.974 GC heap after
{Heap after GC invocations=19 (full 0):
 garbage-first heap   total 45056K, used 21050K [0x00000000c1200000, 0x0000000100000000)
  region size 1024K, 3 young (3072K), 3 survivors (3072K)
 Metaspace       used 56089K, capacity 56465K, committed 56576K, reserved 1099776K
  class space    used 6938K, capacity 7078K, committed 7168K, reserved 1048576K
}
Event: 23.590 GC heap before
{Heap before GC invocations=19 (full 0):
 garbage-first heap   total 45056K, used 35386K [0x00000000c1200000, 0x0000000100000000)
  region size 1024K, 17 young (17408K), 3 survivors (3072K)
 Metaspace       used 58108K, capacity 58558K, committed 58880K, reserved 1101824K
  class space    used 7206K, capacity 7346K, committed 7424K, reserved 1048576K
}
Event: 23.598 GC heap after
{Heap after GC invocations=20 (full 0):
 garbage-first heap   total 45056K, used 22770K [0x00000000c1200000, 0x0000000100000000)
  region size 1024K, 3 young (3072K), 3 survivors (3072K)
 Metaspace       used 58108K, capacity 58558K, committed 58880K, reserved 1101824K
  class space    used 7206K, capacity 7346K, committed 7424K, reserved 1048576K
}

